# JRE version: OpenJDK Runtime Environment (8.0_202) (build 1.8.0_202-release-1483-b49-5587405)
# Java VM: OpenJDK 64-Bit Server VM (25.202-b49-5587405 mixed mode linux-amd64 compressed oops)
Heap:
 PSYoungGen      total 217600K, used 17382K [0x00000000e0000000, 0x00000000eed00000, 0x0000000100000000)
  eden space 200192K, 0% used [0x00000000e0000000,0x00000000e0000000,0x00000000ec380000)
  from space 17408K, 99% used [0x00000000ed780000,0x00000000ee879950,0x00000000ee880000)
  to   space 20480K, 0% used [0x00000000ec380000,0x00000000ec380000,0x00000000ed780000)
 ParOldGen       total 88064K, used 25353K [0x00000000a0000000, 0x00000000a5600000, 0x00000000e0000000)
  object space 88064K, 28% used [0x00000000a0000000,0x00000000a18c27b8,0x00000000a5600000)
 Metaspace       used 57310K, capacity 58976K, committed 59096K, reserved 1099776K
  class space    used 7815K, capacity 8231K, committed 8320K, reserved 1048576K
GC Heap History (10 events):
Event: 6,362 GC heap after
Heap after GC invocations=8 (full 1):
 PSYoungGen      total 134656K, used 10683K [0x00000000e0000000, 0x00000000eb200000, 0x0000000100000000)
  eden space 122880K, 0% used [0x00000000e0000000,0x00000000e0000000,0x00000000e7800000)
  from space 11776K, 90% used [0x00000000e7800000,0x00000000e826efe8,0x00000000e8380000)
  to   space 12800K, 0% used [0x00000000ea580000,0x00000000ea580000,0x00000000eb200000)
 ParOldGen       total 61952K, used 10782K [0x00000000a0000000, 0x00000000a3c80000, 0x00000000e0000000)
  object space 61952K, 17% used [0x00000000a0000000,0x00000000a0a87808,0x00000000a3c80000)
 Metaspace       used 33598K, capacity 34270K, committed 34304K, reserved 1079296K
  class space    used 4647K, capacity 4844K, committed 4864K, reserved 1048576K
}
Event: 6,957 GC heap before
{Heap before GC invocations=9 (full 1):
 PSYoungGen      total 134656K, used 35552K [0x00000000e0000000, 0x00000000eb200000, 0x0000000100000000)
  eden space 122880K, 20% used [0x00000000e0000000,0x00000000e1849220,0x00000000e7800000)
  from space 11776K, 90% used [0x00000000e7800000,0x00000000e826efe8,0x00000000e8380000)
  to   space 12800K, 0% used [0x00000000ea580000,0x00000000ea580000,0x00000000eb200000)
 ParOldGen       total 61952K, used 10782K [0x00000000a0000000, 0x00000000a3c80000, 0x00000000e0000000)
  object space 61952K, 17% used [0x00000000a0000000,0x00000000a0a87808,0x00000000a3c80000)
 Metaspace       used 34682K, capacity 35390K, committed 35456K, reserved 1079296K
  class space    used 4772K, capacity 4962K, committed 4992K, reserved 1048576K
Event: 6,987 GC heap after
Heap after GC invocations=9 (full 1):
 PSYoungGen      total 169472K, used 8884K [0x00000000e0000000, 0x00000000ede80000, 0x0000000100000000)
  eden space 156672K, 0% used [0x00000000e0000000,0x00000000e0000000,0x00000000e9900000)
  from space 12800K, 69% used [0x00000000ea580000,0x00000000eae2d0c8,0x00000000eb200000)
  to   space 12800K, 0% used [0x00000000e9900000,0x00000000e9900000,0x00000000ea580000)
 ParOldGen       total 61952K, used 10790K [0x00000000a0000000, 0x00000000a3c80000, 0x00000000e0000000)
  object space 61952K, 17% used [0x00000000a0000000,0x00000000a0a89808,0x00000000a3c80000)
 Metaspace       used 34682K, capacity 35390K, committed 35456K, reserved 1079296K
  class space    used 4772K, capacity 4962K, committed 4992K, reserved 1048576K
}
Event: 6,987 GC heap before
{Heap before GC invocations=10 (full 2):
 PSYoungGen      total 169472K, used 8884K [0x00000000e0000000, 0x00000000ede80000, 0x0000000100000000)
  eden space 156672K, 0% used [0x00000000e0000000,0x00000000e0000000,0x00000000e9900000)
  from space 12800K, 69% used [0x00000000ea580000,0x00000000eae2d0c8,0x00000000eb200000)
  to   space 12800K, 0% used [0x00000000e9900000,0x00000000e9900000,0x00000000ea580000)
 ParOldGen       total 61952K, used 10790K [0x00000000a0000000, 0x00000000a3c80000, 0x00000000e0000000)
  object space 61952K, 17% used [0x00000000a0000000,0x00000000a0a89808,0x00000000a3c80000)
 Metaspace       used 34682K, capacity 35390K, committed 35456K, reserved 1079296K
  class space    used 4772K, capacity 4962K, committed 4992K, reserved 1048576K
Event: 7,102 GC heap after
Heap after GC invocations=10 (full 2):
 PSYoungGen      total 169472K, used 0K [0x00000000e0000000, 0x00000000ede80000, 0x0000000100000000)
  eden space 156672K, 0% used [0x00000000e0000000,0x00000000e0000000,0x00000000e9900000)
  from space 12800K, 0% used [0x00000000ea580000,0x00000000ea580000,0x00000000eb200000)
  to   space 12800K, 0% used [0x00000000e9900000,0x00000000e9900000,0x00000000ea580000)
 ParOldGen       total 88064K, used 15759K [0x00000000a0000000, 0x00000000a5600000, 0x00000000e0000000)
  object space 88064K, 17% used [0x00000000a0000000,0x00000000a0f63cc8,0x00000000a5600000)
 Metaspace       used 34680K, capacity 35384K, committed 35456K, reserved 1079296K
  class space    used 4771K, capacity 4961K, committed 4992K, reserved 1048576K
}
Event: 9,800 GC heap before
{Heap before GC invocations=11 (full 2):
 PSYoungGen      total 169472K, used 156672K [0x00000000e0000000, 0x00000000ede80000, 0x0000000100000000)
  eden space 156672K, 100% used [0x00000000e0000000,0x00000000e9900000,0x00000000e9900000)
  from space 12800K, 0% used [0x00000000ea580000,0x00000000ea580000,0x00000000eb200000)
  to   space 12800K, 0% used [0x00000000e9900000,0x00000000e9900000,0x00000000ea580000)
 ParOldGen       total 88064K, used 15759K [0x00000000a0000000, 0x00000000a5600000, 0x00000000e0000000)
  object space 88064K, 17% used [0x00000000a0000000,0x00000000a0f63cc8,0x00000000a5600000)
 Metaspace       used 49313K, capacity 50590K, committed 50816K, reserved 1093632K
  class space    used 6670K, capacity 7012K, committed 7040K, reserved 1048576K
Event: 9,829 GC heap after
Heap after GC invocations=11 (full 2):
 PSYoungGen      total 169472K, used 12797K [0x00000000e0000000, 0x00000000ee880000, 0x0000000100000000)
  eden space 156672K, 0% used [0x00000000e0000000,0x00000000e0000000,0x00000000e9900000)
  from space 12800K, 99% used [0x00000000e9900000,0x00000000ea57f608,0x00000000ea580000)
  to   space 17408K, 0% used [0x00000000ed780000,0x00000000ed780000,0x00000000ee880000)
 ParOldGen       total 88064K, used 22798K [0x00000000a0000000, 0x00000000a5600000, 0x00000000e0000000)
  object space 88064K, 25% used [0x00000000a0000000,0x00000000a1643a08,0x00000000a5600000)
 Metaspace       used 49313K, capacity 50590K, committed 50816K, reserved 1093632K
  class space    used 6670K, capacity 7012K, committed 7040K, reserved 1048576K
}
Event: 12,015 GC heap before
{Heap before GC invocations=12 (full 2):
 PSYoungGen      total 169472K, used 115185K [0x00000000e0000000, 0x00000000ee880000, 0x0000000100000000)
  eden space 156672K, 65% used [0x00000000e0000000,0x00000000e63fd148,0x00000000e9900000)
  from space 12800K, 99% used [0x00000000e9900000,0x00000000ea57f608,0x00000000ea580000)
  to   space 17408K, 0% used [0x00000000ed780000,0x00000000ed780000,0x00000000ee880000)
 ParOldGen       total 88064K, used 22798K [0x00000000a0000000, 0x00000000a5600000, 0x00000000e0000000)
  object space 88064K, 25% used [0x00000000a0000000,0x00000000a1643a08,0x00000000a5600000)
 Metaspace       used 57310K, capacity 58976K, committed 59096K, reserved 1099776K
  class space    used 7815K, capacity 8231K, committed 8320K, reserved 1048576K
Event: 12,052 GC heap after
Heap after GC invocations=12 (full 2):
 PSYoungGen      total 217600K, used 17382K [0x00000000e0000000, 0x00000000eed00000, 0x0000000100000000)
  eden space 200192K, 0% used [0x00000000e0000000,0x00000000e0000000,0x00000000ec380000)
  from space 17408K, 99% used [0x00000000ed780000,0x00000000ee879950,0x00000000ee880000)
  to   space 20480K, 0% used [0x00000000ec380000,0x00000000ec380000,0x00000000ed780000)
 ParOldGen       total 88064K, used 25353K [0x00000000a0000000, 0x00000000a5600000, 0x00000000e0000000)
  object space 88064K, 28% used [0x00000000a0000000,0x00000000a18c27b8,0x00000000a5600000)
 Metaspace       used 57310K, capacity 58976K, committed 59096K, reserved 1099776K
  class space    used 7815K, capacity 8231K, committed 8320K, reserved 1048576K
}
Event: 12,052 GC heap before
{Heap before GC invocations=13 (full 3):
 PSYoungGen      total 217600K, used 17382K [0x00000000e0000000, 0x00000000eed00000, 0x0000000100000000)
  eden space 200192K, 0% used [0x00000000e0000000,0x00000000e0000000,0x00000000ec380000)
  from space 17408K, 99% used [0x00000000ed780000,0x00000000ee879950,0x00000000ee880000)
  to   space 20480K, 0% used [0x00000000ec380000,0x00000000ec380000,0x00000000ed780000)
 ParOldGen       total 88064K, used 25353K [0x00000000a0000000, 0x00000000a5600000, 0x00000000e0000000)
  object space 88064K, 28% used [0x00000000a0000000,0x00000000a18c27b8,0x00000000a5600000)
 Metaspace       used 57310K, capacity 58976K, committed 59096K, reserved 1099776K
  class space    used 7815K, capacity 8231K, committed 8320K, reserved 1048576K

