# JRE version: OpenJDK Runtime Environment (8.0_202) (build 1.8.0_202-release-1483-b49-5587405)
# Java VM: OpenJDK 64-Bit Server VM (25.202-b49-5587405 mixed mode linux-amd64 compressed oops)
Heap:
 PSYoungGen      total 382464K, used 137771K [0x00000000e0000000, 0x00000000fa500000, 0x0000000100000000)
  eden space 335360K, 38% used [0x00000000e0000000,0x00000000e7f86b10,0x00000000f4780000)
  from space 47104K, 15% used [0x00000000f7600000,0x00000000f7d04498,0x00000000fa400000)
  to   space 47616K, 0% used [0x00000000f4780000,0x00000000f4780000,0x00000000f7600000)
 ParOldGen       total 280576K, used 88590K [0x00000000a0000000, 0x00000000b1200000, 0x00000000e0000000)
  object space 280576K, 31% used [0x00000000a0000000,0x00000000a5683908,0x00000000b1200000)
 Metaspace       used 183103K, capacity 195934K, committed 196160K, reserved 1220608K
  class space    used 23118K, capacity 25315K, committed 25448K, reserved 1048576K
GC Heap History (10 events):
Event: 13292,477 GC heap before
{Heap before GC invocations=57 (full 5):
 PSYoungGen      total 376320K, used 376312K [0x00000000e0000000, 0x00000000fae00000, 0x0000000100000000)
  eden space 329216K, 100% used [0x00000000e0000000,0x00000000f4180000,0x00000000f4180000)
  from space 47104K, 99% used [0x00000000f4180000,0x00000000f6f7e3e8,0x00000000f6f80000)
  to   space 53760K, 0% used [0x00000000f7980000,0x00000000f7980000,0x00000000fae00000)
 ParOldGen       total 280576K, used 78904K [0x00000000a0000000, 0x00000000b1200000, 0x00000000e0000000)
  object space 280576K, 28% used [0x00000000a0000000,0x00000000a4d0e180,0x00000000b1200000)
 Metaspace       used 182475K, capacity 195248K, committed 195520K, reserved 1220608K
  class space    used 23082K, capacity 25270K, committed 25320K, reserved 1048576K
Event: 13292,525 GC heap after
Heap after GC invocations=57 (full 5):
 PSYoungGen      total 379392K, used 24804K [0x00000000e0000000, 0x00000000fa800000, 0x0000000100000000)
  eden space 331776K, 0% used [0x00000000e0000000,0x00000000e0000000,0x00000000f4400000)
  from space 47616K, 52% used [0x00000000f7980000,0x00000000f91b9158,0x00000000fa800000)
  to   space 51200K, 0% used [0x00000000f4400000,0x00000000f4400000,0x00000000f7600000)
 ParOldGen       total 280576K, used 78912K [0x00000000a0000000, 0x00000000b1200000, 0x00000000e0000000)
  object space 280576K, 28% used [0x00000000a0000000,0x00000000a4d10180,0x00000000b1200000)
 Metaspace       used 182475K, capacity 195248K, committed 195520K, reserved 1220608K
  class space    used 23082K, capacity 25270K, committed 25320K, reserved 1048576K
}
Event: 14340,489 GC heap before
{Heap before GC invocations=58 (full 5):
 PSYoungGen      total 379392K, used 356580K [0x00000000e0000000, 0x00000000fa800000, 0x0000000100000000)
  eden space 331776K, 100% used [0x00000000e0000000,0x00000000f4400000,0x00000000f4400000)
  from space 47616K, 52% used [0x00000000f7980000,0x00000000f91b9158,0x00000000fa800000)
  to   space 51200K, 0% used [0x00000000f4400000,0x00000000f4400000,0x00000000f7600000)
 ParOldGen       total 280576K, used 78912K [0x00000000a0000000, 0x00000000b1200000, 0x00000000e0000000)
  object space 280576K, 28% used [0x00000000a0000000,0x00000000a4d10180,0x00000000b1200000)
 Metaspace       used 182782K, capacity 195586K, committed 195904K, reserved 1220608K
  class space    used 23113K, capacity 25311K, committed 25448K, reserved 1048576K
Event: 14340,538 GC heap after
Heap after GC invocations=58 (full 5):
 PSYoungGen      total 382976K, used 22135K [0x00000000e0000000, 0x00000000fa600000, 0x0000000100000000)
  eden space 331776K, 0% used [0x00000000e0000000,0x00000000e0000000,0x00000000f4400000)
  from space 51200K, 43% used [0x00000000f4400000,0x00000000f599de10,0x00000000f7600000)
  to   space 49152K, 0% used [0x00000000f7600000,0x00000000f7600000,0x00000000fa600000)
 ParOldGen       total 280576K, used 78920K [0x00000000a0000000, 0x00000000b1200000, 0x00000000e0000000)
  object space 280576K, 28% used [0x00000000a0000000,0x00000000a4d12180,0x00000000b1200000)
 Metaspace       used 182782K, capacity 195586K, committed 195904K, reserved 1220608K
  class space    used 23113K, capacity 25311K, committed 25448K, reserved 1048576K
}
Event: 14580,112 GC heap before
{Heap before GC invocations=59 (full 5):
 PSYoungGen      total 382976K, used 353911K [0x00000000e0000000, 0x00000000fa600000, 0x0000000100000000)
  eden space 331776K, 100% used [0x00000000e0000000,0x00000000f4400000,0x00000000f4400000)
  from space 51200K, 43% used [0x00000000f4400000,0x00000000f599de10,0x00000000f7600000)
  to   space 49152K, 0% used [0x00000000f7600000,0x00000000f7600000,0x00000000fa600000)
 ParOldGen       total 280576K, used 78920K [0x00000000a0000000, 0x00000000b1200000, 0x00000000e0000000)
  object space 280576K, 28% used [0x00000000a0000000,0x00000000a4d12180,0x00000000b1200000)
 Metaspace       used 182864K, capacity 195650K, committed 195904K, reserved 1220608K
  class space    used 23114K, capacity 25311K, committed 25448K, reserved 1048576K
Event: 14580,167 GC heap after
Heap after GC invocations=59 (full 5):
 PSYoungGen      total 380928K, used 19258K [0x00000000e0000000, 0x00000000fa400000, 0x0000000100000000)
  eden space 333824K, 0% used [0x00000000e0000000,0x00000000e0000000,0x00000000f4600000)
  from space 47104K, 40% used [0x00000000f7600000,0x00000000f88ce9a8,0x00000000fa400000)
  to   space 48128K, 0% used [0x00000000f4600000,0x00000000f4600000,0x00000000f7500000)
 ParOldGen       total 280576K, used 78928K [0x00000000a0000000, 0x00000000b1200000, 0x00000000e0000000)
  object space 280576K, 28% used [0x00000000a0000000,0x00000000a4d14180,0x00000000b1200000)
 Metaspace       used 182864K, capacity 195650K, committed 195904K, reserved 1220608K
  class space    used 23114K, capacity 25311K, committed 25448K, reserved 1048576K
}
Event: 14656,612 GC heap before
{Heap before GC invocations=60 (full 5):
 PSYoungGen      total 380928K, used 353082K [0x00000000e0000000, 0x00000000fa400000, 0x0000000100000000)
  eden space 333824K, 100% used [0x00000000e0000000,0x00000000f4600000,0x00000000f4600000)
  from space 47104K, 40% used [0x00000000f7600000,0x00000000f88ce9a8,0x00000000fa400000)
  to   space 48128K, 0% used [0x00000000f4600000,0x00000000f4600000,0x00000000f7500000)
 ParOldGen       total 280576K, used 78928K [0x00000000a0000000, 0x00000000b1200000, 0x00000000e0000000)
  object space 280576K, 28% used [0x00000000a0000000,0x00000000a4d14180,0x00000000b1200000)
 Metaspace       used 183016K, capacity 195802K, committed 196160K, reserved 1220608K
  class space    used 23117K, capacity 25315K, committed 25448K, reserved 1048576K
Event: 14656,679 GC heap after
Heap after GC invocations=60 (full 5):
 PSYoungGen      total 381952K, used 16738K [0x00000000e0000000, 0x00000000fa400000, 0x0000000100000000)
  eden space 333824K, 0% used [0x00000000e0000000,0x00000000e0000000,0x00000000f4600000)
  from space 48128K, 34% used [0x00000000f4600000,0x00000000f5658a20,0x00000000f7500000)
  to   space 47104K, 0% used [0x00000000f7600000,0x00000000f7600000,0x00000000fa400000)
 ParOldGen       total 280576K, used 87358K [0x00000000a0000000, 0x00000000b1200000, 0x00000000e0000000)
  object space 280576K, 31% used [0x00000000a0000000,0x00000000a554f8a8,0x00000000b1200000)
 Metaspace       used 183016K, capacity 195802K, committed 196160K, reserved 1220608K
  class space    used 23117K, capacity 25315K, committed 25448K, reserved 1048576K
}
Event: 14780,473 GC heap before
{Heap before GC invocations=61 (full 5):
 PSYoungGen      total 381952K, used 350562K [0x00000000e0000000, 0x00000000fa400000, 0x0000000100000000)
  eden space 333824K, 100% used [0x00000000e0000000,0x00000000f4600000,0x00000000f4600000)
  from space 48128K, 34% used [0x00000000f4600000,0x00000000f5658a20,0x00000000f7500000)
  to   space 47104K, 0% used [0x00000000f7600000,0x00000000f7600000,0x00000000fa400000)
 ParOldGen       total 280576K, used 87358K [0x00000000a0000000, 0x00000000b1200000, 0x00000000e0000000)
  object space 280576K, 31% used [0x00000000a0000000,0x00000000a554f8a8,0x00000000b1200000)
 Metaspace       used 183076K, capacity 195934K, committed 196160K, reserved 1220608K
  class space    used 23118K, capacity 25315K, committed 25448K, reserved 1048576K
Event: 14780,499 GC heap after
Heap after GC invocations=61 (full 5):
 PSYoungGen      total 382464K, used 7185K [0x00000000e0000000, 0x00000000fa500000, 0x0000000100000000)
  eden space 335360K, 0% used [0x00000000e0000000,0x00000000e0000000,0x00000000f4780000)
  from space 47104K, 15% used [0x00000000f7600000,0x00000000f7d04498,0x00000000fa400000)
  to   space 47616K, 0% used [0x00000000f4780000,0x00000000f4780000,0x00000000f7600000)
 ParOldGen       total 280576K, used 88590K [0x00000000a0000000, 0x00000000b1200000, 0x00000000e0000000)
  object space 280576K, 31% used [0x00000000a0000000,0x00000000a5683908,0x00000000b1200000)
 Metaspace       used 183076K, capacity 195934K, committed 196160K, reserved 1220608K
  class space    used 23118K, capacity 25315K, committed 25448K, reserved 1048576K
}

